<?xml version="1.0" encoding="UTF-8"?>
<!-- Generated by org.testng.reporters.JUnitReportReporter -->
<testsuite hostname="RANA" failures="0" tests="1" name="com.facebook.tests.login" time="19.356" errors="0" timestamp="29 Mar 2020 16:44:33 GMT">
  <testcase classname="com.facebook.tests.login" name="userLoginTest" time="19.356"/>
</testsuite> <!-- com.facebook.tests.login -->
