<?xml version="1.0" encoding="UTF-8"?>
<!-- Generated by org.testng.reporters.JUnitReportReporter -->
<testsuite hostname="RANA" failures="0" tests="6" name="com.facebook.tests.LoginPageTest" time="105.661" errors="0" timestamp="29 Mar 2020 16:46:52 GMT">
  <testcase classname="com.facebook.tests.LoginPageTest" name="titleCheckTest" time="11.905"/>
  <testcase classname="com.facebook.tests.LoginPageTest" name="footerLinkTest" time="17.351"/>
  <testcase classname="com.facebook.tests.LoginPageTest" name="userLoginTest" time="25.319"/>
  <testcase classname="com.facebook.tests.LoginPageTest" name="forgetPasswordTest" time="16.534"/>
  <testcase classname="com.facebook.tests.LoginPageTest" name="userRegisterTest" time="20.473"/>
  <testcase classname="com.facebook.tests.LoginPageTest" name="invalidUserLoginTest" time="14.079"/>
</testsuite> <!-- com.facebook.tests.LoginPageTest -->
